Build output check failed:
    Regex: 'command line option .* is valid for .* but not for C\+\+'
    Output line: 'cc1plus: warning: command line option ‘-Wmissing-prototypes’ is valid for C/ObjC but not for C++'
Compilation failed:
    source file: '/home/alex-auch/Documents/face-lock/webserver/node_modules/opencv-build/opencv/build/CMakeFiles/CMakeTmp/src.cxx'
    check option: ' -fsigned-char -W -Wall -Werror=return-type -Werror=non-virtual-dtor -Werror=address -Werror=sequence-point -Wformat -Werror=format-security -Wmissing-declarations  -Wmissing-prototypes'
===== BUILD LOG =====
Change Dir: /home/alex-auch/Documents/face-lock/webserver/node_modules/opencv-build/opencv/build/CMakeFiles/CMakeTmp

Run Build Command:"/usr/bin/make" "cmTC_a7fad/fast"
/usr/bin/make -f CMakeFiles/cmTC_a7fad.dir/build.make CMakeFiles/cmTC_a7fad.dir/build
make[1]: Entering directory '/home/alex-auch/Documents/face-lock/webserver/node_modules/opencv-build/opencv/build/CMakeFiles/CMakeTmp'
Building CXX object CMakeFiles/cmTC_a7fad.dir/src.cxx.o
/usr/bin/c++    -O3 -DNDEBUG -fPIE   -fsigned-char -W -Wall -Werror=return-type -Werror=non-virtual-dtor -Werror=address -Werror=sequence-point -Wformat -Werror=format-security -Wmissing-declarations -Wmissing-prototypes -o CMakeFiles/cmTC_a7fad.dir/src.cxx.o -c /home/alex-auch/Documents/face-lock/webserver/node_modules/opencv-build/opencv/build/CMakeFiles/CMakeTmp/src.cxx
cc1plus: warning: command line option ‘-Wmissing-prototypes’ is valid for C/ObjC but not for C++
/home/alex-auch/Documents/face-lock/webserver/node_modules/opencv-build/opencv/build/CMakeFiles/CMakeTmp/src.cxx:1:0: warning: ignoring #pragma   [-Wunknown-pragmas]
 #pragma
 
Linking CXX executable cmTC_a7fad
/usr/bin/cmake -E cmake_link_script CMakeFiles/cmTC_a7fad.dir/link.txt --verbose=1
/usr/bin/c++    -O3 -DNDEBUG    -rdynamic CMakeFiles/cmTC_a7fad.dir/src.cxx.o  -o cmTC_a7fad 
make[1]: Leaving directory '/home/alex-auch/Documents/face-lock/webserver/node_modules/opencv-build/opencv/build/CMakeFiles/CMakeTmp'

===== END =====

Build output check failed:
    Regex: 'command line option .* is valid for .* but not for C\+\+'
    Output line: 'cc1plus: warning: command line option ‘-Wstrict-prototypes’ is valid for C/ObjC but not for C++'
Compilation failed:
    source file: '/home/alex-auch/Documents/face-lock/webserver/node_modules/opencv-build/opencv/build/CMakeFiles/CMakeTmp/src.cxx'
    check option: ' -fsigned-char -W -Wall -Werror=return-type -Werror=non-virtual-dtor -Werror=address -Werror=sequence-point -Wformat -Werror=format-security -Wmissing-declarations  -Wstrict-prototypes'
===== BUILD LOG =====
Change Dir: /home/alex-auch/Documents/face-lock/webserver/node_modules/opencv-build/opencv/build/CMakeFiles/CMakeTmp

Run Build Command:"/usr/bin/make" "cmTC_b4a2e/fast"
/usr/bin/make -f CMakeFiles/cmTC_b4a2e.dir/build.make CMakeFiles/cmTC_b4a2e.dir/build
make[1]: Entering directory '/home/alex-auch/Documents/face-lock/webserver/node_modules/opencv-build/opencv/build/CMakeFiles/CMakeTmp'
Building CXX object CMakeFiles/cmTC_b4a2e.dir/src.cxx.o
/usr/bin/c++    -O3 -DNDEBUG -fPIE   -fsigned-char -W -Wall -Werror=return-type -Werror=non-virtual-dtor -Werror=address -Werror=sequence-point -Wformat -Werror=format-security -Wmissing-declarations -Wstrict-prototypes -o CMakeFiles/cmTC_b4a2e.dir/src.cxx.o -c /home/alex-auch/Documents/face-lock/webserver/node_modules/opencv-build/opencv/build/CMakeFiles/CMakeTmp/src.cxx
cc1plus: warning: command line option ‘-Wstrict-prototypes’ is valid for C/ObjC but not for C++
/home/alex-auch/Documents/face-lock/webserver/node_modules/opencv-build/opencv/build/CMakeFiles/CMakeTmp/src.cxx:1:0: warning: ignoring #pragma   [-Wunknown-pragmas]
 #pragma
 
Linking CXX executable cmTC_b4a2e
/usr/bin/cmake -E cmake_link_script CMakeFiles/cmTC_b4a2e.dir/link.txt --verbose=1
/usr/bin/c++    -O3 -DNDEBUG    -rdynamic CMakeFiles/cmTC_b4a2e.dir/src.cxx.o  -o cmTC_b4a2e 
make[1]: Leaving directory '/home/alex-auch/Documents/face-lock/webserver/node_modules/opencv-build/opencv/build/CMakeFiles/CMakeTmp'

===== END =====

Build output check failed:
    Regex: 'command line option .* is valid for .* but not for C'
    Output line: 'cc1: warning: command line option ‘-Wsign-promo’ is valid for C++/ObjC++ but not for C'
Compilation failed:
    source file: '/home/alex-auch/Documents/face-lock/webserver/node_modules/opencv-build/opencv/build/CMakeFiles/CMakeTmp/src.c'
    check option: ' -fsigned-char -W -Wall -Werror=return-type -Werror=non-virtual-dtor -Werror=address -Werror=sequence-point -Wformat -Werror=format-security -Wmissing-declarations -Wmissing-prototypes -Wstrict-prototypes -Wundef -Winit-self -Wpointer-arith -Wshadow  -Wsign-promo'
===== BUILD LOG =====
Change Dir: /home/alex-auch/Documents/face-lock/webserver/node_modules/opencv-build/opencv/build/CMakeFiles/CMakeTmp

Run Build Command:"/usr/bin/make" "cmTC_71cbc/fast"
/usr/bin/make -f CMakeFiles/cmTC_71cbc.dir/build.make CMakeFiles/cmTC_71cbc.dir/build
make[1]: Entering directory '/home/alex-auch/Documents/face-lock/webserver/node_modules/opencv-build/opencv/build/CMakeFiles/CMakeTmp'
Building C object CMakeFiles/cmTC_71cbc.dir/src.c.o
/usr/bin/cc   -O3 -DNDEBUG -fPIE   -fsigned-char -W -Wall -Werror=return-type -Werror=non-virtual-dtor -Werror=address -Werror=sequence-point -Wformat -Werror=format-security -Wmissing-declarations -Wmissing-prototypes -Wstrict-prototypes -Wundef -Winit-self -Wpointer-arith -Wshadow -Wsign-promo -o CMakeFiles/cmTC_71cbc.dir/src.c.o   -c /home/alex-auch/Documents/face-lock/webserver/node_modules/opencv-build/opencv/build/CMakeFiles/CMakeTmp/src.c
cc1: warning: ‘-Werror=’ argument ‘-Werror=non-virtual-dtor’ is not valid for C
cc1: warning: command line option ‘-Wsign-promo’ is valid for C++/ObjC++ but not for C
/home/alex-auch/Documents/face-lock/webserver/node_modules/opencv-build/opencv/build/CMakeFiles/CMakeTmp/src.c:1:0: warning: ignoring #pragma   [-Wunknown-pragmas]
 #pragma
 
Linking C executable cmTC_71cbc
/usr/bin/cmake -E cmake_link_script CMakeFiles/cmTC_71cbc.dir/link.txt --verbose=1
/usr/bin/cc   -O3 -DNDEBUG    -rdynamic CMakeFiles/cmTC_71cbc.dir/src.c.o  -o cmTC_71cbc 
make[1]: Leaving directory '/home/alex-auch/Documents/face-lock/webserver/node_modules/opencv-build/opencv/build/CMakeFiles/CMakeTmp'

===== END =====

Build output check failed:
    Regex: 'command line option .* is valid for .* but not for C'
    Output line: 'cc1: warning: command line option ‘-Wno-delete-non-virtual-dtor’ is valid for C++/ObjC++ but not for C'
Compilation failed:
    source file: '/home/alex-auch/Documents/face-lock/webserver/node_modules/opencv-build/opencv/build/CMakeFiles/CMakeTmp/src.c'
    check option: ' -fsigned-char -W -Wall -Werror=return-type -Werror=non-virtual-dtor -Werror=address -Werror=sequence-point -Wformat -Werror=format-security -Wmissing-declarations -Wmissing-prototypes -Wstrict-prototypes -Wundef -Winit-self -Wpointer-arith -Wshadow -Wuninitialized -Winit-self  -Wno-delete-non-virtual-dtor'
===== BUILD LOG =====
Change Dir: /home/alex-auch/Documents/face-lock/webserver/node_modules/opencv-build/opencv/build/CMakeFiles/CMakeTmp

Run Build Command:"/usr/bin/make" "cmTC_d4901/fast"
/usr/bin/make -f CMakeFiles/cmTC_d4901.dir/build.make CMakeFiles/cmTC_d4901.dir/build
make[1]: Entering directory '/home/alex-auch/Documents/face-lock/webserver/node_modules/opencv-build/opencv/build/CMakeFiles/CMakeTmp'
Building C object CMakeFiles/cmTC_d4901.dir/src.c.o
/usr/bin/cc   -O3 -DNDEBUG -fPIE   -fsigned-char -W -Wall -Werror=return-type -Werror=non-virtual-dtor -Werror=address -Werror=sequence-point -Wformat -Werror=format-security -Wmissing-declarations -Wmissing-prototypes -Wstrict-prototypes -Wundef -Winit-self -Wpointer-arith -Wshadow -Wuninitialized -Winit-self -Wno-delete-non-virtual-dtor -o CMakeFiles/cmTC_d4901.dir/src.c.o   -c /home/alex-auch/Documents/face-lock/webserver/node_modules/opencv-build/opencv/build/CMakeFiles/CMakeTmp/src.c
cc1: warning: ‘-Werror=’ argument ‘-Werror=non-virtual-dtor’ is not valid for C
cc1: warning: command line option ‘-Wno-delete-non-virtual-dtor’ is valid for C++/ObjC++ but not for C
/home/alex-auch/Documents/face-lock/webserver/node_modules/opencv-build/opencv/build/CMakeFiles/CMakeTmp/src.c:1:0: warning: ignoring #pragma   [-Wunknown-pragmas]
 #pragma
 
Linking C executable cmTC_d4901
/usr/bin/cmake -E cmake_link_script CMakeFiles/cmTC_d4901.dir/link.txt --verbose=1
/usr/bin/cc   -O3 -DNDEBUG    -rdynamic CMakeFiles/cmTC_d4901.dir/src.c.o  -o cmTC_d4901 
make[1]: Leaving directory '/home/alex-auch/Documents/face-lock/webserver/node_modules/opencv-build/opencv/build/CMakeFiles/CMakeTmp'

===== END =====

Build output check failed:
    Regex: 'unrecognized .*option'
    Output line: 'cc1plus: warning: unrecognized command line option ‘-Wno-unnamed-type-template-args’'
Compilation failed:
    source file: '/home/alex-auch/Documents/face-lock/webserver/node_modules/opencv-build/opencv/build/CMakeFiles/CMakeTmp/src.cxx'
    check option: ' -fsigned-char -W -Wall -Werror=return-type -Werror=non-virtual-dtor -Werror=address -Werror=sequence-point -Wformat -Werror=format-security -Wmissing-declarations -Wundef -Winit-self -Wpointer-arith -Wshadow -Wsign-promo -Wuninitialized -Winit-self -Wno-delete-non-virtual-dtor  -Wno-unnamed-type-template-args'
===== BUILD LOG =====
Change Dir: /home/alex-auch/Documents/face-lock/webserver/node_modules/opencv-build/opencv/build/CMakeFiles/CMakeTmp

Run Build Command:"/usr/bin/make" "cmTC_39808/fast"
/usr/bin/make -f CMakeFiles/cmTC_39808.dir/build.make CMakeFiles/cmTC_39808.dir/build
make[1]: Entering directory '/home/alex-auch/Documents/face-lock/webserver/node_modules/opencv-build/opencv/build/CMakeFiles/CMakeTmp'
Building CXX object CMakeFiles/cmTC_39808.dir/src.cxx.o
/usr/bin/c++    -O3 -DNDEBUG -fPIE   -fsigned-char -W -Wall -Werror=return-type -Werror=non-virtual-dtor -Werror=address -Werror=sequence-point -Wformat -Werror=format-security -Wmissing-declarations -Wundef -Winit-self -Wpointer-arith -Wshadow -Wsign-promo -Wuninitialized -Winit-self -Wno-delete-non-virtual-dtor -Wno-unnamed-type-template-args -o CMakeFiles/cmTC_39808.dir/src.cxx.o -c /home/alex-auch/Documents/face-lock/webserver/node_modules/opencv-build/opencv/build/CMakeFiles/CMakeTmp/src.cxx
/home/alex-auch/Documents/face-lock/webserver/node_modules/opencv-build/opencv/build/CMakeFiles/CMakeTmp/src.cxx:1:0: warning: ignoring #pragma   [-Wunknown-pragmas]
 #pragma
 
cc1plus: warning: unrecognized command line option ‘-Wno-unnamed-type-template-args’
Linking CXX executable cmTC_39808
/usr/bin/cmake -E cmake_link_script CMakeFiles/cmTC_39808.dir/link.txt --verbose=1
/usr/bin/c++    -O3 -DNDEBUG    -rdynamic CMakeFiles/cmTC_39808.dir/src.cxx.o  -o cmTC_39808 
make[1]: Leaving directory '/home/alex-auch/Documents/face-lock/webserver/node_modules/opencv-build/opencv/build/CMakeFiles/CMakeTmp'

===== END =====

Build output check failed:
    Regex: 'unrecognized .*option'
    Output line: 'cc1: warning: unrecognized command line option ‘-Wno-unnamed-type-template-args’'
Compilation failed:
    source file: '/home/alex-auch/Documents/face-lock/webserver/node_modules/opencv-build/opencv/build/CMakeFiles/CMakeTmp/src.c'
    check option: ' -fsigned-char -W -Wall -Werror=return-type -Werror=non-virtual-dtor -Werror=address -Werror=sequence-point -Wformat -Werror=format-security -Wmissing-declarations -Wmissing-prototypes -Wstrict-prototypes -Wundef -Winit-self -Wpointer-arith -Wshadow -Wuninitialized -Winit-self  -Wno-unnamed-type-template-args'
===== BUILD LOG =====
Change Dir: /home/alex-auch/Documents/face-lock/webserver/node_modules/opencv-build/opencv/build/CMakeFiles/CMakeTmp

Run Build Command:"/usr/bin/make" "cmTC_c2e36/fast"
/usr/bin/make -f CMakeFiles/cmTC_c2e36.dir/build.make CMakeFiles/cmTC_c2e36.dir/build
make[1]: Entering directory '/home/alex-auch/Documents/face-lock/webserver/node_modules/opencv-build/opencv/build/CMakeFiles/CMakeTmp'
Building C object CMakeFiles/cmTC_c2e36.dir/src.c.o
/usr/bin/cc   -O3 -DNDEBUG -fPIE   -fsigned-char -W -Wall -Werror=return-type -Werror=non-virtual-dtor -Werror=address -Werror=sequence-point -Wformat -Werror=format-security -Wmissing-declarations -Wmissing-prototypes -Wstrict-prototypes -Wundef -Winit-self -Wpointer-arith -Wshadow -Wuninitialized -Winit-self -Wno-unnamed-type-template-args -o CMakeFiles/cmTC_c2e36.dir/src.c.o   -c /home/alex-auch/Documents/face-lock/webserver/node_modules/opencv-build/opencv/build/CMakeFiles/CMakeTmp/src.c
cc1: warning: ‘-Werror=’ argument ‘-Werror=non-virtual-dtor’ is not valid for C
/home/alex-auch/Documents/face-lock/webserver/node_modules/opencv-build/opencv/build/CMakeFiles/CMakeTmp/src.c:1:0: warning: ignoring #pragma   [-Wunknown-pragmas]
 #pragma
 
cc1: warning: unrecognized command line option ‘-Wno-unnamed-type-template-args’
Linking C executable cmTC_c2e36
/usr/bin/cmake -E cmake_link_script CMakeFiles/cmTC_c2e36.dir/link.txt --verbose=1
/usr/bin/cc   -O3 -DNDEBUG    -rdynamic CMakeFiles/cmTC_c2e36.dir/src.c.o  -o cmTC_c2e36 
make[1]: Leaving directory '/home/alex-auch/Documents/face-lock/webserver/node_modules/opencv-build/opencv/build/CMakeFiles/CMakeTmp'

===== END =====

Build output check failed:
    Regex: 'command line option .* is valid for .* but not for C'
    Output line: 'cc1: warning: command line option ‘-fvisibility-inlines-hidden’ is valid for C++/ObjC++ but not for C'
Compilation failed:
    source file: '/home/alex-auch/Documents/face-lock/webserver/node_modules/opencv-build/opencv/build/CMakeFiles/CMakeTmp/src.c'
    check option: ' -fsigned-char -W -Wall -Werror=return-type -Werror=non-virtual-dtor -Werror=address -Werror=sequence-point -Wformat -Werror=format-security -Wmissing-declarations -Wmissing-prototypes -Wstrict-prototypes -Wundef -Winit-self -Wpointer-arith -Wshadow -Wuninitialized -Winit-self -Wno-comment -Wimplicit-fallthrough=3 -Wno-strict-overflow -fdiagnostics-show-option -Wno-long-long -pthread -fomit-frame-pointer -ffunction-sections -fdata-sections  -msse -msse2 -msse3 -fvisibility=hidden  -fvisibility-inlines-hidden'
===== BUILD LOG =====
Change Dir: /home/alex-auch/Documents/face-lock/webserver/node_modules/opencv-build/opencv/build/CMakeFiles/CMakeTmp

Run Build Command:"/usr/bin/make" "cmTC_edd56/fast"
/usr/bin/make -f CMakeFiles/cmTC_edd56.dir/build.make CMakeFiles/cmTC_edd56.dir/build
make[1]: Entering directory '/home/alex-auch/Documents/face-lock/webserver/node_modules/opencv-build/opencv/build/CMakeFiles/CMakeTmp'
Building C object CMakeFiles/cmTC_edd56.dir/src.c.o
/usr/bin/cc   -O3 -DNDEBUG -fPIE   -fsigned-char -W -Wall -Werror=return-type -Werror=non-virtual-dtor -Werror=address -Werror=sequence-point -Wformat -Werror=format-security -Wmissing-declarations -Wmissing-prototypes -Wstrict-prototypes -Wundef -Winit-self -Wpointer-arith -Wshadow -Wuninitialized -Winit-self -Wno-comment -Wimplicit-fallthrough=3 -Wno-strict-overflow -fdiagnostics-show-option -Wno-long-long -pthread -fomit-frame-pointer -ffunction-sections -fdata-sections -msse -msse2 -msse3 -fvisibility=hidden -fvisibility-inlines-hidden -o CMakeFiles/cmTC_edd56.dir/src.c.o   -c /home/alex-auch/Documents/face-lock/webserver/node_modules/opencv-build/opencv/build/CMakeFiles/CMakeTmp/src.c
cc1: warning: ‘-Werror=’ argument ‘-Werror=non-virtual-dtor’ is not valid for C
cc1: warning: command line option ‘-fvisibility-inlines-hidden’ is valid for C++/ObjC++ but not for C
/home/alex-auch/Documents/face-lock/webserver/node_modules/opencv-build/opencv/build/CMakeFiles/CMakeTmp/src.c:1:0: warning: ignoring #pragma   [-Wunknown-pragmas]
 #pragma
 
Linking C executable cmTC_edd56
/usr/bin/cmake -E cmake_link_script CMakeFiles/cmTC_edd56.dir/link.txt --verbose=1
/usr/bin/cc   -O3 -DNDEBUG    -rdynamic CMakeFiles/cmTC_edd56.dir/src.c.o  -o cmTC_edd56 
make[1]: Leaving directory '/home/alex-auch/Documents/face-lock/webserver/node_modules/opencv-build/opencv/build/CMakeFiles/CMakeTmp'

===== END =====

Build output check failed:
    Regex: 'unrecognized .*option'
    Output line: 'cc1: warning: unrecognized command line option ‘-Wno-absolute-value’'
Compilation failed:
    source file: '/home/alex-auch/Documents/face-lock/webserver/node_modules/opencv-build/opencv/build/CMakeFiles/CMakeTmp/src.c'
    check option: ' -Wno-absolute-value'
===== BUILD LOG =====
Change Dir: /home/alex-auch/Documents/face-lock/webserver/node_modules/opencv-build/opencv/build/CMakeFiles/CMakeTmp

Run Build Command:"/usr/bin/make" "cmTC_4c4d3/fast"
/usr/bin/make -f CMakeFiles/cmTC_4c4d3.dir/build.make CMakeFiles/cmTC_4c4d3.dir/build
make[1]: Entering directory '/home/alex-auch/Documents/face-lock/webserver/node_modules/opencv-build/opencv/build/CMakeFiles/CMakeTmp'
Building C object CMakeFiles/cmTC_4c4d3.dir/src.c.o
/usr/bin/cc   -fsigned-char -W -Wall -Werror=return-type -Werror=non-virtual-dtor -Werror=address -Werror=sequence-point -Wformat -Werror=format-security -Wstrict-prototypes -Wundef -Winit-self -Wpointer-arith -Wuninitialized -Winit-self -Wno-comment -Wimplicit-fallthrough=3 -Wno-strict-overflow -fdiagnostics-show-option -Wno-long-long -pthread -fomit-frame-pointer -ffunction-sections -fdata-sections  -msse -msse2 -msse3 -fvisibility=hidden -Wno-implicit-function-declaration -Wno-uninitialized -Wno-missing-prototypes -Wno-unused-but-set-parameter -Wno-missing-declarations -Wno-unused -Wno-shadow -Wno-sign-compare -Wno-strict-overflow -Wno-pointer-compare  -O3 -DNDEBUG -fPIE   -Wno-absolute-value -o CMakeFiles/cmTC_4c4d3.dir/src.c.o   -c /home/alex-auch/Documents/face-lock/webserver/node_modules/opencv-build/opencv/build/CMakeFiles/CMakeTmp/src.c
cc1: warning: ‘-Werror=’ argument ‘-Werror=non-virtual-dtor’ is not valid for C
/home/alex-auch/Documents/face-lock/webserver/node_modules/opencv-build/opencv/build/CMakeFiles/CMakeTmp/src.c:1:0: warning: ignoring #pragma   [-Wunknown-pragmas]
 #pragma
 
cc1: warning: unrecognized command line option ‘-Wno-absolute-value’
Linking C executable cmTC_4c4d3
/usr/bin/cmake -E cmake_link_script CMakeFiles/cmTC_4c4d3.dir/link.txt --verbose=1
/usr/bin/cc    -fsigned-char -W -Wall -Werror=return-type -Werror=non-virtual-dtor -Werror=address -Werror=sequence-point -Wformat -Werror=format-security -Wstrict-prototypes -Wundef -Winit-self -Wpointer-arith -Wuninitialized -Winit-self -Wno-comment -Wimplicit-fallthrough=3 -Wno-strict-overflow -fdiagnostics-show-option -Wno-long-long -pthread -fomit-frame-pointer -ffunction-sections -fdata-sections  -msse -msse2 -msse3 -fvisibility=hidden -Wno-implicit-function-declaration -Wno-uninitialized -Wno-missing-prototypes -Wno-unused-but-set-parameter -Wno-missing-declarations -Wno-unused -Wno-shadow -Wno-sign-compare -Wno-strict-overflow -Wno-pointer-compare  -O3 -DNDEBUG    -Wl,--gc-sections  -rdynamic CMakeFiles/cmTC_4c4d3.dir/src.c.o  -o cmTC_4c4d3 
make[1]: Leaving directory '/home/alex-auch/Documents/face-lock/webserver/node_modules/opencv-build/opencv/build/CMakeFiles/CMakeTmp'

===== END =====

Determining if the include file linux/videodev.h exists failed with the following output:
Change Dir: /home/alex-auch/Documents/face-lock/webserver/node_modules/opencv-build/opencv/build/CMakeFiles/CMakeTmp

Run Build Command:"/usr/bin/make" "cmTC_494cf/fast"
/usr/bin/make -f CMakeFiles/cmTC_494cf.dir/build.make CMakeFiles/cmTC_494cf.dir/build
make[1]: Entering directory '/home/alex-auch/Documents/face-lock/webserver/node_modules/opencv-build/opencv/build/CMakeFiles/CMakeTmp'
Building C object CMakeFiles/cmTC_494cf.dir/CheckIncludeFile.c.o
/usr/bin/cc   -fsigned-char -W -Wall -Werror=return-type -Werror=non-virtual-dtor -Werror=address -Werror=sequence-point -Wformat -Werror=format-security -Wmissing-declarations -Wmissing-prototypes -Wstrict-prototypes -Wundef -Winit-self -Wpointer-arith -Wshadow -Wuninitialized -Winit-self -Wno-comment -Wimplicit-fallthrough=3 -Wno-strict-overflow -fdiagnostics-show-option -Wno-long-long -pthread -fomit-frame-pointer -ffunction-sections -fdata-sections  -msse -msse2 -msse3 -fvisibility=hidden  -O3 -DNDEBUG -fPIE   -o CMakeFiles/cmTC_494cf.dir/CheckIncludeFile.c.o   -c /home/alex-auch/Documents/face-lock/webserver/node_modules/opencv-build/opencv/build/CMakeFiles/CMakeTmp/CheckIncludeFile.c
cc1: warning: ‘-Werror=’ argument ‘-Werror=non-virtual-dtor’ is not valid for C
/home/alex-auch/Documents/face-lock/webserver/node_modules/opencv-build/opencv/build/CMakeFiles/CMakeTmp/CheckIncludeFile.c:1:10: fatal error: linux/videodev.h: No such file or directory
 #include <linux/videodev.h>
          ^~~~~~~~~~~~~~~~~~
compilation terminated.
CMakeFiles/cmTC_494cf.dir/build.make:65: recipe for target 'CMakeFiles/cmTC_494cf.dir/CheckIncludeFile.c.o' failed
make[1]: *** [CMakeFiles/cmTC_494cf.dir/CheckIncludeFile.c.o] Error 1
make[1]: Leaving directory '/home/alex-auch/Documents/face-lock/webserver/node_modules/opencv-build/opencv/build/CMakeFiles/CMakeTmp'
Makefile:126: recipe for target 'cmTC_494cf/fast' failed
make: *** [cmTC_494cf/fast] Error 2


Determining if the include file sys/videoio.h exists failed with the following output:
Change Dir: /home/alex-auch/Documents/face-lock/webserver/node_modules/opencv-build/opencv/build/CMakeFiles/CMakeTmp

Run Build Command:"/usr/bin/make" "cmTC_7322c/fast"
/usr/bin/make -f CMakeFiles/cmTC_7322c.dir/build.make CMakeFiles/cmTC_7322c.dir/build
make[1]: Entering directory '/home/alex-auch/Documents/face-lock/webserver/node_modules/opencv-build/opencv/build/CMakeFiles/CMakeTmp'
Building C object CMakeFiles/cmTC_7322c.dir/CheckIncludeFile.c.o
/usr/bin/cc   -fsigned-char -W -Wall -Werror=return-type -Werror=non-virtual-dtor -Werror=address -Werror=sequence-point -Wformat -Werror=format-security -Wmissing-declarations -Wmissing-prototypes -Wstrict-prototypes -Wundef -Winit-self -Wpointer-arith -Wshadow -Wuninitialized -Winit-self -Wno-comment -Wimplicit-fallthrough=3 -Wno-strict-overflow -fdiagnostics-show-option -Wno-long-long -pthread -fomit-frame-pointer -ffunction-sections -fdata-sections  -msse -msse2 -msse3 -fvisibility=hidden  -O3 -DNDEBUG -fPIE   -o CMakeFiles/cmTC_7322c.dir/CheckIncludeFile.c.o   -c /home/alex-auch/Documents/face-lock/webserver/node_modules/opencv-build/opencv/build/CMakeFiles/CMakeTmp/CheckIncludeFile.c
cc1: warning: ‘-Werror=’ argument ‘-Werror=non-virtual-dtor’ is not valid for C
/home/alex-auch/Documents/face-lock/webserver/node_modules/opencv-build/opencv/build/CMakeFiles/CMakeTmp/CheckIncludeFile.c:1:10: fatal error: sys/videoio.h: No such file or directory
 #include <sys/videoio.h>
          ^~~~~~~~~~~~~~~
compilation terminated.
CMakeFiles/cmTC_7322c.dir/build.make:65: recipe for target 'CMakeFiles/cmTC_7322c.dir/CheckIncludeFile.c.o' failed
make[1]: *** [CMakeFiles/cmTC_7322c.dir/CheckIncludeFile.c.o] Error 1
make[1]: Leaving directory '/home/alex-auch/Documents/face-lock/webserver/node_modules/opencv-build/opencv/build/CMakeFiles/CMakeTmp'
Makefile:126: recipe for target 'cmTC_7322c/fast' failed
make: *** [cmTC_7322c/fast] Error 2


Build output check failed:
    Regex: 'command line option .* is valid for .* but not for C\+\+'
    Output line: 'cc1plus: warning: command line option ‘-Wno-missing-prototypes’ is valid for C/ObjC but not for C++'
Compilation failed:
    source file: '/home/alex-auch/Documents/face-lock/webserver/node_modules/opencv-build/opencv/build/CMakeFiles/CMakeTmp/src.cxx'
    check option: ' -Wno-missing-prototypes'
===== BUILD LOG =====
Change Dir: /home/alex-auch/Documents/face-lock/webserver/node_modules/opencv-build/opencv/build/CMakeFiles/CMakeTmp

Run Build Command:"/usr/bin/make" "cmTC_432d4/fast"
/usr/bin/make -f CMakeFiles/cmTC_432d4.dir/build.make CMakeFiles/cmTC_432d4.dir/build
make[1]: Entering directory '/home/alex-auch/Documents/face-lock/webserver/node_modules/opencv-build/opencv/build/CMakeFiles/CMakeTmp'
Building CXX object CMakeFiles/cmTC_432d4.dir/src.cxx.o
/usr/bin/c++    -fsigned-char -W -Wall -Werror=return-type -Werror=non-virtual-dtor -Werror=address -Werror=sequence-point -Wformat -Werror=format-security -Wmissing-declarations -Wundef -Winit-self -Wpointer-arith -Wshadow -Wsign-promo -Wuninitialized -Winit-self -Wno-delete-non-virtual-dtor -Wno-comment -Wimplicit-fallthrough=3 -Wno-strict-overflow -fdiagnostics-show-option -Wno-long-long -pthread -fomit-frame-pointer -ffunction-sections -fdata-sections  -msse -msse2 -msse3 -fvisibility=hidden -fvisibility-inlines-hidden -Wno-deprecated  -O3 -DNDEBUG -fPIE   -Wno-missing-prototypes -o CMakeFiles/cmTC_432d4.dir/src.cxx.o -c /home/alex-auch/Documents/face-lock/webserver/node_modules/opencv-build/opencv/build/CMakeFiles/CMakeTmp/src.cxx
cc1plus: warning: command line option ‘-Wno-missing-prototypes’ is valid for C/ObjC but not for C++
/home/alex-auch/Documents/face-lock/webserver/node_modules/opencv-build/opencv/build/CMakeFiles/CMakeTmp/src.cxx:1:0: warning: ignoring #pragma   [-Wunknown-pragmas]
 #pragma
 
Linking CXX executable cmTC_432d4
/usr/bin/cmake -E cmake_link_script CMakeFiles/cmTC_432d4.dir/link.txt --verbose=1
/usr/bin/c++     -fsigned-char -W -Wall -Werror=return-type -Werror=non-virtual-dtor -Werror=address -Werror=sequence-point -Wformat -Werror=format-security -Wmissing-declarations -Wundef -Winit-self -Wpointer-arith -Wshadow -Wsign-promo -Wuninitialized -Winit-self -Wno-delete-non-virtual-dtor -Wno-comment -Wimplicit-fallthrough=3 -Wno-strict-overflow -fdiagnostics-show-option -Wno-long-long -pthread -fomit-frame-pointer -ffunction-sections -fdata-sections  -msse -msse2 -msse3 -fvisibility=hidden -fvisibility-inlines-hidden -Wno-deprecated  -O3 -DNDEBUG    -Wl,--gc-sections  -rdynamic CMakeFiles/cmTC_432d4.dir/src.cxx.o  -o cmTC_432d4 
make[1]: Leaving directory '/home/alex-auch/Documents/face-lock/webserver/node_modules/opencv-build/opencv/build/CMakeFiles/CMakeTmp'

===== END =====

Build output check failed:
    Regex: 'unrecognized .*option'
    Output line: 'cc1plus: warning: unrecognized command line option ‘-Wno-tautological-undefined-compare’'
Compilation failed:
    source file: '/home/alex-auch/Documents/face-lock/webserver/node_modules/opencv-build/opencv/build/CMakeFiles/CMakeTmp/src.cxx'
    check option: ' -Wno-tautological-undefined-compare'
===== BUILD LOG =====
Change Dir: /home/alex-auch/Documents/face-lock/webserver/node_modules/opencv-build/opencv/build/CMakeFiles/CMakeTmp

Run Build Command:"/usr/bin/make" "cmTC_b4241/fast"
/usr/bin/make -f CMakeFiles/cmTC_b4241.dir/build.make CMakeFiles/cmTC_b4241.dir/build
make[1]: Entering directory '/home/alex-auch/Documents/face-lock/webserver/node_modules/opencv-build/opencv/build/CMakeFiles/CMakeTmp'
Building CXX object CMakeFiles/cmTC_b4241.dir/src.cxx.o
/usr/bin/c++    -fsigned-char -W -Wall -Werror=return-type -Werror=non-virtual-dtor -Werror=address -Werror=sequence-point -Wformat -Werror=format-security -Winit-self -Wpointer-arith -Wuninitialized -Winit-self -Wno-delete-non-virtual-dtor -Wno-comment -Wimplicit-fallthrough=3 -Wno-strict-overflow -fdiagnostics-show-option -Wno-long-long -pthread -fomit-frame-pointer -ffunction-sections -fdata-sections  -msse -msse2 -msse3 -fvisibility=hidden -fvisibility-inlines-hidden -Wno-deprecated -Wno-missing-declarations -Wno-shadow -Wno-unused-parameter -Wno-unused-local-typedefs -Wno-sign-compare -Wno-sign-promo -Wno-undef  -O3 -DNDEBUG -fPIE   -Wno-tautological-undefined-compare -o CMakeFiles/cmTC_b4241.dir/src.cxx.o -c /home/alex-auch/Documents/face-lock/webserver/node_modules/opencv-build/opencv/build/CMakeFiles/CMakeTmp/src.cxx
/home/alex-auch/Documents/face-lock/webserver/node_modules/opencv-build/opencv/build/CMakeFiles/CMakeTmp/src.cxx:1:0: warning: ignoring #pragma   [-Wunknown-pragmas]
 #pragma
 
cc1plus: warning: unrecognized command line option ‘-Wno-tautological-undefined-compare’
Linking CXX executable cmTC_b4241
/usr/bin/cmake -E cmake_link_script CMakeFiles/cmTC_b4241.dir/link.txt --verbose=1
/usr/bin/c++     -fsigned-char -W -Wall -Werror=return-type -Werror=non-virtual-dtor -Werror=address -Werror=sequence-point -Wformat -Werror=format-security -Winit-self -Wpointer-arith -Wuninitialized -Winit-self -Wno-delete-non-virtual-dtor -Wno-comment -Wimplicit-fallthrough=3 -Wno-strict-overflow -fdiagnostics-show-option -Wno-long-long -pthread -fomit-frame-pointer -ffunction-sections -fdata-sections  -msse -msse2 -msse3 -fvisibility=hidden -fvisibility-inlines-hidden -Wno-deprecated -Wno-missing-declarations -Wno-shadow -Wno-unused-parameter -Wno-unused-local-typedefs -Wno-sign-compare -Wno-sign-promo -Wno-undef  -O3 -DNDEBUG    -Wl,--gc-sections  -rdynamic CMakeFiles/cmTC_b4241.dir/src.cxx.o  -o cmTC_b4241 
make[1]: Leaving directory '/home/alex-auch/Documents/face-lock/webserver/node_modules/opencv-build/opencv/build/CMakeFiles/CMakeTmp'

===== END =====

Build output check failed:
    Regex: 'unrecognized .*option'
    Output line: 'cc1plus: warning: unrecognized command line option ‘-Wno-shorten-64-to-32’'
Compilation failed:
    source file: '/home/alex-auch/Documents/face-lock/webserver/node_modules/opencv-build/opencv/build/CMakeFiles/CMakeTmp/src.cxx'
    check option: ' -Wno-shorten-64-to-32'
===== BUILD LOG =====
Change Dir: /home/alex-auch/Documents/face-lock/webserver/node_modules/opencv-build/opencv/build/CMakeFiles/CMakeTmp

Run Build Command:"/usr/bin/make" "cmTC_27ee7/fast"
/usr/bin/make -f CMakeFiles/cmTC_27ee7.dir/build.make CMakeFiles/cmTC_27ee7.dir/build
make[1]: Entering directory '/home/alex-auch/Documents/face-lock/webserver/node_modules/opencv-build/opencv/build/CMakeFiles/CMakeTmp'
Building CXX object CMakeFiles/cmTC_27ee7.dir/src.cxx.o
/usr/bin/c++    -fsigned-char -W -Wall -Werror=return-type -Werror=non-virtual-dtor -Werror=address -Werror=sequence-point -Wformat -Werror=format-security -Winit-self -Wpointer-arith -Wuninitialized -Winit-self -Wno-delete-non-virtual-dtor -Wno-comment -Wimplicit-fallthrough=3 -Wno-strict-overflow -fdiagnostics-show-option -Wno-long-long -pthread -fomit-frame-pointer -ffunction-sections -fdata-sections  -msse -msse2 -msse3 -fvisibility=hidden -fvisibility-inlines-hidden -Wno-deprecated -Wno-missing-declarations -Wno-shadow -Wno-unused-parameter -Wno-unused-local-typedefs -Wno-sign-compare -Wno-sign-promo -Wno-undef -Wno-ignored-qualifiers -Wno-extra -Wno-unused-function -Wno-unused-const-variable  -O3 -DNDEBUG -fPIE   -Wno-shorten-64-to-32 -o CMakeFiles/cmTC_27ee7.dir/src.cxx.o -c /home/alex-auch/Documents/face-lock/webserver/node_modules/opencv-build/opencv/build/CMakeFiles/CMakeTmp/src.cxx
/home/alex-auch/Documents/face-lock/webserver/node_modules/opencv-build/opencv/build/CMakeFiles/CMakeTmp/src.cxx:1:0: warning: ignoring #pragma   [-Wunknown-pragmas]
 #pragma
 
cc1plus: warning: unrecognized command line option ‘-Wno-shorten-64-to-32’
Linking CXX executable cmTC_27ee7
/usr/bin/cmake -E cmake_link_script CMakeFiles/cmTC_27ee7.dir/link.txt --verbose=1
/usr/bin/c++     -fsigned-char -W -Wall -Werror=return-type -Werror=non-virtual-dtor -Werror=address -Werror=sequence-point -Wformat -Werror=format-security -Winit-self -Wpointer-arith -Wuninitialized -Winit-self -Wno-delete-non-virtual-dtor -Wno-comment -Wimplicit-fallthrough=3 -Wno-strict-overflow -fdiagnostics-show-option -Wno-long-long -pthread -fomit-frame-pointer -ffunction-sections -fdata-sections  -msse -msse2 -msse3 -fvisibility=hidden -fvisibility-inlines-hidden -Wno-deprecated -Wno-missing-declarations -Wno-shadow -Wno-unused-parameter -Wno-unused-local-typedefs -Wno-sign-compare -Wno-sign-promo -Wno-undef -Wno-ignored-qualifiers -Wno-extra -Wno-unused-function -Wno-unused-const-variable  -O3 -DNDEBUG    -Wl,--gc-sections  -rdynamic CMakeFiles/cmTC_27ee7.dir/src.cxx.o  -o cmTC_27ee7 
make[1]: Leaving directory '/home/alex-auch/Documents/face-lock/webserver/node_modules/opencv-build/opencv/build/CMakeFiles/CMakeTmp'

===== END =====

Build output check failed:
    Regex: 'unrecognized .*option'
    Output line: 'cc1plus: warning: unrecognized command line option ‘-Wno-enum-compare-switch’'
Compilation failed:
    source file: '/home/alex-auch/Documents/face-lock/webserver/node_modules/opencv-build/opencv/build/CMakeFiles/CMakeTmp/src.cxx'
    check option: ' -Wno-enum-compare-switch'
===== BUILD LOG =====
Change Dir: /home/alex-auch/Documents/face-lock/webserver/node_modules/opencv-build/opencv/build/CMakeFiles/CMakeTmp

Run Build Command:"/usr/bin/make" "cmTC_eaac0/fast"
/usr/bin/make -f CMakeFiles/cmTC_eaac0.dir/build.make CMakeFiles/cmTC_eaac0.dir/build
make[1]: Entering directory '/home/alex-auch/Documents/face-lock/webserver/node_modules/opencv-build/opencv/build/CMakeFiles/CMakeTmp'
Building CXX object CMakeFiles/cmTC_eaac0.dir/src.cxx.o
/usr/bin/c++    -fsigned-char -W -Wall -Werror=return-type -Werror=non-virtual-dtor -Werror=address -Werror=sequence-point -Wformat -Werror=format-security -Winit-self -Wpointer-arith -Wuninitialized -Winit-self -Wno-delete-non-virtual-dtor -Wno-comment -Wimplicit-fallthrough=3 -Wno-strict-overflow -fdiagnostics-show-option -Wno-long-long -pthread -fomit-frame-pointer -ffunction-sections -fdata-sections  -msse -msse2 -msse3 -fvisibility=hidden -fvisibility-inlines-hidden -Wno-deprecated -Wno-missing-declarations -Wno-shadow -Wno-unused-parameter -Wno-unused-local-typedefs -Wno-sign-compare -Wno-sign-promo -Wno-undef -Wno-ignored-qualifiers -Wno-extra -Wno-unused-function -Wno-unused-const-variable -Wno-invalid-offsetof  -O3 -DNDEBUG -fPIE   -Wno-enum-compare-switch -o CMakeFiles/cmTC_eaac0.dir/src.cxx.o -c /home/alex-auch/Documents/face-lock/webserver/node_modules/opencv-build/opencv/build/CMakeFiles/CMakeTmp/src.cxx
/home/alex-auch/Documents/face-lock/webserver/node_modules/opencv-build/opencv/build/CMakeFiles/CMakeTmp/src.cxx:1:0: warning: ignoring #pragma   [-Wunknown-pragmas]
 #pragma
 
cc1plus: warning: unrecognized command line option ‘-Wno-enum-compare-switch’
Linking CXX executable cmTC_eaac0
/usr/bin/cmake -E cmake_link_script CMakeFiles/cmTC_eaac0.dir/link.txt --verbose=1
/usr/bin/c++     -fsigned-char -W -Wall -Werror=return-type -Werror=non-virtual-dtor -Werror=address -Werror=sequence-point -Wformat -Werror=format-security -Winit-self -Wpointer-arith -Wuninitialized -Winit-self -Wno-delete-non-virtual-dtor -Wno-comment -Wimplicit-fallthrough=3 -Wno-strict-overflow -fdiagnostics-show-option -Wno-long-long -pthread -fomit-frame-pointer -ffunction-sections -fdata-sections  -msse -msse2 -msse3 -fvisibility=hidden -fvisibility-inlines-hidden -Wno-deprecated -Wno-missing-declarations -Wno-shadow -Wno-unused-parameter -Wno-unused-local-typedefs -Wno-sign-compare -Wno-sign-promo -Wno-undef -Wno-ignored-qualifiers -Wno-extra -Wno-unused-function -Wno-unused-const-variable -Wno-invalid-offsetof  -O3 -DNDEBUG    -Wl,--gc-sections  -rdynamic CMakeFiles/cmTC_eaac0.dir/src.cxx.o  -o cmTC_eaac0 
make[1]: Leaving directory '/home/alex-auch/Documents/face-lock/webserver/node_modules/opencv-build/opencv/build/CMakeFiles/CMakeTmp'

===== END =====

Build output check failed:
    Regex: 'unrecognized .*option'
    Output line: 'cc1plus: warning: unrecognized command line option ‘-Wno-inconsistent-missing-override’'
Compilation failed:
    source file: '/home/alex-auch/Documents/face-lock/webserver/node_modules/opencv-build/opencv/build/CMakeFiles/CMakeTmp/src.cxx'
    check option: ' -Wno-inconsistent-missing-override'
===== BUILD LOG =====
Change Dir: /home/alex-auch/Documents/face-lock/webserver/node_modules/opencv-build/opencv/build/CMakeFiles/CMakeTmp

Run Build Command:"/usr/bin/make" "cmTC_d8166/fast"
/usr/bin/make -f CMakeFiles/cmTC_d8166.dir/build.make CMakeFiles/cmTC_d8166.dir/build
make[1]: Entering directory '/home/alex-auch/Documents/face-lock/webserver/node_modules/opencv-build/opencv/build/CMakeFiles/CMakeTmp'
Building CXX object CMakeFiles/cmTC_d8166.dir/src.cxx.o
/usr/bin/c++    -fsigned-char -W -Wall -Werror=return-type -Werror=non-virtual-dtor -Werror=address -Werror=sequence-point -Wformat -Werror=format-security -Winit-self -Wpointer-arith -Wuninitialized -Winit-self -Wno-delete-non-virtual-dtor -Wno-comment -Wimplicit-fallthrough=3 -Wno-strict-overflow -fdiagnostics-show-option -Wno-long-long -pthread -fomit-frame-pointer -ffunction-sections -fdata-sections  -msse -msse2 -msse3 -fvisibility=hidden -fvisibility-inlines-hidden -Wno-deprecated -Wno-missing-declarations -Wno-shadow -Wno-unused-parameter -Wno-unused-local-typedefs -Wno-sign-compare -Wno-sign-promo -Wno-undef -Wno-ignored-qualifiers -Wno-extra -Wno-unused-function -Wno-unused-const-variable -Wno-invalid-offsetof -Wno-suggest-override  -O3 -DNDEBUG -fPIE   -Wno-inconsistent-missing-override -o CMakeFiles/cmTC_d8166.dir/src.cxx.o -c /home/alex-auch/Documents/face-lock/webserver/node_modules/opencv-build/opencv/build/CMakeFiles/CMakeTmp/src.cxx
/home/alex-auch/Documents/face-lock/webserver/node_modules/opencv-build/opencv/build/CMakeFiles/CMakeTmp/src.cxx:1:0: warning: ignoring #pragma   [-Wunknown-pragmas]
 #pragma
 
cc1plus: warning: unrecognized command line option ‘-Wno-inconsistent-missing-override’
Linking CXX executable cmTC_d8166
/usr/bin/cmake -E cmake_link_script CMakeFiles/cmTC_d8166.dir/link.txt --verbose=1
/usr/bin/c++     -fsigned-char -W -Wall -Werror=return-type -Werror=non-virtual-dtor -Werror=address -Werror=sequence-point -Wformat -Werror=format-security -Winit-self -Wpointer-arith -Wuninitialized -Winit-self -Wno-delete-non-virtual-dtor -Wno-comment -Wimplicit-fallthrough=3 -Wno-strict-overflow -fdiagnostics-show-option -Wno-long-long -pthread -fomit-frame-pointer -ffunction-sections -fdata-sections  -msse -msse2 -msse3 -fvisibility=hidden -fvisibility-inlines-hidden -Wno-deprecated -Wno-missing-declarations -Wno-shadow -Wno-unused-parameter -Wno-unused-local-typedefs -Wno-sign-compare -Wno-sign-promo -Wno-undef -Wno-ignored-qualifiers -Wno-extra -Wno-unused-function -Wno-unused-const-variable -Wno-invalid-offsetof -Wno-suggest-override  -O3 -DNDEBUG    -Wl,--gc-sections  -rdynamic CMakeFiles/cmTC_d8166.dir/src.cxx.o  -o cmTC_d8166 
make[1]: Leaving directory '/home/alex-auch/Documents/face-lock/webserver/node_modules/opencv-build/opencv/build/CMakeFiles/CMakeTmp'

===== END =====

